8 [139849023174528] INFO perfrun.launcher <> - Launcher main begin
8 [139849023174528] INFO perfrun.launcher <> - MessageCatalogInit finished
8 [139849023174528] INFO perfrun.launcher <> - Launcher instance created
8 [139849023174528] INFO perfrun.launcher <> - argc = 7; cmdline = /opt/intel/oneapi/vtune/2023.2.0/bin64/amplxe-runss --ui-output-format xml --ui-output-fd 5 --option-file /home/chuanyu/Code/rt-pktgen-dpdk/dpdk/config/runss.options 
38 [139849023174528] INFO perfrun.launcher <> - create msngr2::ICliToolContext
38 [139849023174528] INFO perfrun.launcher <> - create file finder object
38 [139849023174528] INFO perfrun.launcher <> - create a result directory: pattern = /home/chuanyu/Code/rt-pktgen-dpdk/dpdk pid = 4294967295
58 [139849023174528] INFO perfrun.sdk <> - checked that the directory /home/chuanyu/Code/rt-pktgen-dpdk/dpdk is a local directory
58 [139849023174528] INFO perfrun.sdk <> - the directory /home/chuanyu/Code/rt-pktgen-dpdk/dpdk is a local directory with FS type ID 61267
58 [139849023174528] INFO perfrun.launcher <> - create data directory = /home/chuanyu/Code/rt-pktgen-dpdk/dpdk/data.0
58 [139849023174528] INFO perfrun.launcher <> - Creating the master collection flag
60 [139849023174528] INFO perfrun.launcher <> - Done creating the master collection flag
81 [139849013659392] INFO perfrun.launcher <> - plugin [remoteplug] was disabled because it doesn't support the given collection type.
81 [139849013659392] INFO perfrun.sdk <> - Allocating TMU :/home/chuanyu/Code/rt-pktgen-dpdk/dpdk/data.0/systemcollector-239125-chuanyu-OptiPlex-7090.sc
82 [139849013659392] INFO perfrun.system <> - Tpss based collection
82 [139849013659392] INFO perfrun.launcher <> - plugin [ptracecollector] was disabled because it doesn't support the given collection type.
82 [139849013659392] INFO perfrun.launcher <> - plugin [gpu] was disabled because it doesn't support the given collection type.
82 [139849013659392] INFO perfrun.launcher <> - plugin [] was disabled because it doesn't support the given collection type.
82 [139849013659392] INFO perfrun.launcher <> - plugin [] was disabled because it doesn't support the given collection type.
82 [139849013659392] INFO perfrun.launcher <> - plugin [] was disabled because it doesn't support the given collection type.
82 [139849013659392] INFO perfrun.mrte <> - system-wide mode is 0
82 [139849013659392] INFO perfrun.mrte <> - Getting  mrte profiling environment ...
101 [139849013659392] INFO perfrun.mrte <> - INTEL_MRTE_DATA_DIR=/home/chuanyu/Code/rt-pktgen-dpdk/dpdk/data.0
101 [139849013659392] INFO perfrun.mrte <> - INTEL_MRTE_HOST_NAME=chuanyu-OptiPlex-7090
101 [139849013659392] INFO perfrun.mrte <> - JAVA_TOOL_OPTIONS=-agentlib:amplxe_tpssmrte_javaprof_1.0 -Dsun.boot.library.path=/opt/intel/oneapi/vtune/2023.2.0/lib32/runtime:/opt/intel/oneapi/vtune/2023.2.0/lib64/runtime
101 [139849013659392] INFO perfrun.mrte <> - LD_LIBRARY_PATH=/opt/intel/oneapi/vtune/2023.2.0/lib32/runtime:/opt/intel/oneapi/vtune/2023.2.0/lib64/runtime
101 [139849013659392] INFO perfrun.mrte <> - CORECLR_ENABLE_PROFILING=1
101 [139849013659392] INFO perfrun.mrte <> - CORECLR_PROFILER={AA5E4821-E3B1-479c-B7FF-5AD047D22CED}
101 [139849013659392] INFO perfrun.mrte <> - CORECLR_PROFILER_PATH=/opt/intel/oneapi/vtune/2023.2.0/lib64/libamplxe_samplingmrte_clrprof_1.0.so
101 [139849013659392] INFO perfrun.mrte <> - INTEL_MRTE_PROFILER_MODE=mixed
101 [139849013659392] INFO perfrun.mrte <> - Data directory: /home/chuanyu/Code/rt-pktgen-dpdk/dpdk/data.0
101 [139849013659392] INFO perfrun.mrte <> - Mrte plugin is initialized
101 [139849013659392] INFO perfrun.sdk <> - runCmd: /opt/intel/oneapi/vtune/2023.2.0/bin64/emon -v
102 [139849013659392] INFO perfrun.sdk <> - runCmd started PID 239129
264 [139849013659392] INFO perfrun.emon <> - Extracted TSC Frequency = 2.496e+09 from emon -v
264 [139849013659392] INFO perfrun.metrics <> - Identified PMU type as undefined
264 [139849013659392] INFO perfrun.launcher <> - plugin [cuscol] was disabled because it doesn't support the given collection type.
265 [139849013659392] INFO perfrun.launcher <> - plugin [stdsrc] was disabled because it doesn't support the given collection type.
265 [139849013659392] INFO perfrun.launcher <> - plugin [sep] was disabled because it doesn't support the given collection type.
265 [139849013659392] INFO perfrun.launcher <> - plugin [vtsspp] was disabled because it doesn't support the given collection type.
265 [139849013659392] INFO perfrun.launcher <> - plugin [perf] was disabled because it doesn't support the given collection type.
265 [139849013659392] INFO perfrun.launcher <> - plugin [aoclprofile] was disabled because it doesn't support the given collection type.
265 [139849013659392] INFO perfrun.tpss <> - initialize tpss controller
265 [139849013659392] INFO perfrun.tpss <> - configure collection mode: value = cpu:counters:nostack
265 [139849013659392] INFO perfrun.tpss <> - configure collection mode: value = cpu:stack
265 [139849013659392] INFO perfrun.tpss <> - default obj-size-min=1024
265 [139849013659392] INFO perfrun.tpss <> - default hash-table-size=0
265 [139849013659392] INFO perfrun.launcher <> - plugin [media] was disabled because it doesn't support the given collection type.
265 [139849013659392] INFO perfrun.launcher <> - plugin [] was disabled because it doesn't support the given collection type.
265 [139849013659392] INFO perfrun.launcher <> - plugin [] was disabled because it doesn't support the given collection type.
265 [139849013659392] INFO perfrun.launcher <> - plugin [parallelfs] was disabled because it doesn't support the given collection type.
265 [139849013659392] INFO perfrun.launcher <> - plugin [power] was disabled because it doesn't support the given collection type.
265 [139849013659392] INFO perfrun.launcher <> - plugin [hwloc] was disabled because it doesn't support the given collection type.
265 [139849013659392] INFO perfrun.launcher <> - plugin [ipmwatch] was disabled because it doesn't support the given collection type.
265 [139849013659392] INFO perfrun.launcher <> - plugin [os_counters] was disabled because it doesn't support the given collection type.
265 [139849013659392] INFO perfrun.launcher <> - plugin [l0_metrics] was disabled because it doesn't support the given collection type.
265 [139849023174528] INFO perfrun.launcher <> - set environment variable: LD_LIBRARY_PATH = /opt/intel/oneapi/vtune/2023.2.0/lib32/runtime:/opt/intel/oneapi/vtune/2023.2.0/lib64/runtime
266 [139849023174528] INFO perfrun.launcher <> - set environment variable: INTEL_LIBITTNOTIFY32 = /opt/intel/oneapi/vtune/2023.2.0/lib32/runtime/libittnotify_collector.so
266 [139849023174528] INFO perfrun.launcher <> - set environment variable: INTEL_LIBITTNOTIFY64 = /opt/intel/oneapi/vtune/2023.2.0/lib64/runtime/libittnotify_collector.so
266 [139849023174528] INFO perfrun.launcher <> - set environment variable: INTEL_ITTNOTIFY_GROUPS = 
266 [139849023174528] INFO perfrun.launcher <> - set environment variable: INTEL_JIT_PROFILER32 = /opt/intel/oneapi/vtune/2023.2.0/lib32/runtime/libittnotify_collector.so
266 [139849023174528] INFO perfrun.launcher <> - set environment variable: INTEL_JIT_PROFILER64 = /opt/intel/oneapi/vtune/2023.2.0/lib64/runtime/libittnotify_collector.so
266 [139849023174528] INFO perfrun.launcher <> - set environment variable: ENABLE_JITPROFILING = 1
266 [139849023174528] INFO perfrun.launcher <> - set environment variable: CL_CONFIG_USE_VTUNE = True
266 [139849023174528] INFO perfrun.launcher <> - set environment variable: KMP_FORKJOIN_FRAMES = 0
266 [139849023174528] INFO perfrun.launcher <> - set environment variable: KMP_FORKJOIN_FRAMES_MODE = 0
266 [139849023174528] INFO perfrun.launcher <> - set environment variable: INTEL_MRTE_DATA_DIR = /home/chuanyu/Code/rt-pktgen-dpdk/dpdk/data.0
266 [139849023174528] INFO perfrun.launcher <> - set environment variable: INTEL_MRTE_HOST_NAME = chuanyu-OptiPlex-7090
266 [139849023174528] INFO perfrun.launcher <> - set environment variable: JAVA_TOOL_OPTIONS = -agentlib:amplxe_tpssmrte_javaprof_1.0 -Dsun.boot.library.path=/opt/intel/oneapi/vtune/2023.2.0/lib32/runtime:/opt/intel/oneapi/vtune/2023.2.0/lib64/runtime
266 [139849023174528] INFO perfrun.launcher <> - set environment variable: LD_LIBRARY_PATH = /opt/intel/oneapi/vtune/2023.2.0/lib32/runtime:/opt/intel/oneapi/vtune/2023.2.0/lib64/runtime
266 [139849023174528] INFO perfrun.launcher <> - set environment variable: CORECLR_ENABLE_PROFILING = 1
266 [139849023174528] INFO perfrun.launcher <> - set environment variable: CORECLR_PROFILER = {AA5E4821-E3B1-479c-B7FF-5AD047D22CED}
266 [139849023174528] INFO perfrun.launcher <> - set environment variable: CORECLR_PROFILER_PATH = /opt/intel/oneapi/vtune/2023.2.0/lib64/libamplxe_samplingmrte_clrprof_1.0.so
266 [139849023174528] INFO perfrun.launcher <> - set environment variable: INTEL_MRTE_PROFILER_MODE = mixed
266 [139849023174528] INFO perfrun.launcher <> - RpcServer: run RPC server to handle requests
266 [139849023174528] INFO perfrun.launcher <> - Launcher: command line to start before modification = ./a.out
266 [139849023174528] INFO perfrun.launcher <> - Launcher: command line to start after modification = /opt/intel/oneapi/vtune/2023.2.0/bin64/pin -error_file /home/chuanyu/Code/rt-pktgen-dpdk/dpdk/data.0/pinerr.tpsslog -detach_reattach -follow_execv -tool_load_option deepbind -t64 /opt/intel/oneapi/vtune/2023.2.0/lib64/libtpsstool.so -t /opt/intel/oneapi/vtune/2023.2.0/lib32/libtpsstool.so -server_name tpss_ipc.239125 -prd_dir /opt/intel/oneapi/vtune/2023.2.0 -- ./a.out
266 [139849023174528] INFO perfrun.launcher <> - ProcessCreator object was created
267 [139849023174528] INFO perfrun.launcher <> - Launcher: the process was started in suspend mode
287 [139849013659392] WARN perfrun.system <> - Folder "/var/run/libvirt/qemu/"doesn't exist, at file: vcs/perfrun1/plugins/system/src/trace_writer.cpp:800
288 [139849013659392] WARN perfrun.sdk <> - Failed to find xl binary on any of the system paths: /bin, /sbin, /usr/bin, /usr/sbin., at file: vcs/perfrun1/sdk/src/utils.cpp:204
288 [139849013659392] WARN perfrun.system <> - Could not start ContainerMapping collector, at file: vcs/perfrun1/plugins/system/src/controller.cpp:448
334 [139849013659392] INFO perfrun.vdso <> - Helper runtool '/opt/intel/oneapi/vtune/2023.2.0/bin32/amplxe-runss -dump-vdso -r /home/chuanyu/Code/rt-pktgen-dpdk/dpdk --tmp-dir /tmp/amplxe-tmp-root' returned 0
414 [139849013659392] INFO perfrun.vdso <> - Helper runtool '/opt/intel/oneapi/vtune/2023.2.0/bin64/amplxe-runss -dump-vdso -r /home/chuanyu/Code/rt-pktgen-dpdk/dpdk --tmp-dir /tmp/amplxe-tmp-root' returned 0
414 [139849013659392] INFO perfrun.itt <> - start itt controller for pid #239132
415 [139849013659392] INFO perfrun.sdk <> - runCmd: /opt/intel/oneapi/vtune/2023.2.0/bin64/emon -M
416 [139849013659392] INFO perfrun.sdk <> - runCmd started PID 239140
529 [139849013659392] INFO perfrun.sdk <> - runCmd: /opt/intel/oneapi/vtune/2023.2.0/bin64/emon -v
530 [139849013659392] INFO perfrun.sdk <> - runCmd started PID 239141
643 [139849013659392] INFO perfrun.sdk <> - runCmd: /opt/intel/oneapi/vtune/2023.2.0/bin64/sep -dry-run -ec CPU_CLK_UNHALTED.THREAD,CPU_CLK_UNHALTED.REF_TSC:sample:sa=2500000,INST_RETIRED.ANY:sample:sa=2500000,CPU_CLK_UNHALTED.DISTRIBUTED,FP_ARITH_INST_RETIRED.SCALAR_SINGLE,FP_ARITH_INST_RETIRED.128B_PACKED_SINGLE,FP_ARITH_INST_RETIRED.256B_PACKED_SINGLE,FP_ARITH_INST_RETIRED.SCALAR_DOUBLE,FP_ARITH_INST_RETIRED.128B_PACKED_DOUBLE,FP_ARITH_INST_RETIRED.256B_PACKED_DOUBLE,UOPS_EXECUTED.X87,UOPS_RETIRED.SLOTS,UOPS_EXECUTED.THREAD,FP_ARITH_INST_RETIRED.512B_PACKED_DOUBLE,FP_ARITH_INST_RETIRED.512B_PACKED_SINGLE,TOPDOWN.SLOTS:perf_metrics:sample:sa=2000003 -experimental
644 [139849013659392] INFO perfrun.sdk <> - runCmd started PID 239143
754 [139849013659392] INFO perfrun.emon <> - Spawned collector thread
754 [139848891492096] INFO perfrun.sdk <> - runCmd: /opt/intel/oneapi/vtune/2023.2.0/bin64/emon -u -t 0.050 -l0 -C CPU_CLK_UNHALTED.DISTRIBUTED,CPU_CLK_UNHALTED.REF_TSC,CPU_CLK_UNHALTED.THREAD,FP_ARITH_INST_RETIRED.128B_PACKED_DOUBLE,FP_ARITH_INST_RETIRED.128B_PACKED_SINGLE,FP_ARITH_INST_RETIRED.256B_PACKED_DOUBLE,FP_ARITH_INST_RETIRED.256B_PACKED_SINGLE,FP_ARITH_INST_RETIRED.512B_PACKED_DOUBLE,FP_ARITH_INST_RETIRED.512B_PACKED_SINGLE,FP_ARITH_INST_RETIRED.SCALAR_DOUBLE,FP_ARITH_INST_RETIRED.SCALAR_SINGLE,INST_RETIRED.ANY,TOPDOWN.SLOTS:perf_metrics,UOPS_EXECUTED.THREAD,UOPS_EXECUTED.X87,UOPS_RETIRED.SLOTS -experimental
755 [139848891492096] INFO perfrun.sdk <> - runCmd started PID 239145
1068 [139849013659392] INFO perfrun.tpss <> - start tpss controller for pid #239132
1119 [139849023174528] INFO perfrun.launcher <> - Launcher: all plugins were started
1119 [139849023174528] INFO perfrun.launcher <> - DirectoryMonitor object was created
1119 [139849023174528] INFO perfrun.launcher <> - DirectoryMonitor: a callback was added
1119 [139849023174528] INFO perfrun.launcher <> - DirectoryMonitor was started with pingTime = 1000
1119 [139849023174528] INFO perfrun.launcher <> - DeadlineTimer is going to be constructed
1120 [139849023174528] INFO perfrun.launcher <> - DeadlineTimer: a callback was added
1123 [139849023174528] INFO perfrun.launcher <> - Launcher: resume the profiled application and  wait its termination or stop command
19378 [139849023174528] INFO perfrun.launcher <> - Launcher: the profiled application was terminated  with exit code = 0
19396 [139849013659392] INFO perfrun.itt <> - detach itt controller
19396 [139849013659392] INFO perfrun.itt <> - detach itt controller done
19396 [139849013659392] INFO perfrun.sdk <> - runCmd: /opt/intel/oneapi/vtune/2023.2.0/bin64/emon -stop
19397 [139849013659392] INFO perfrun.sdk <> - runCmd started PID 239348
19540 [139848891492096] WARN perfrun.emon_output <> - TimeKeeper: the time is being asked while the time keeper object is armed. This may mean that the time for the last group is getting reused as the time for this group
19540 [139848891492096] INFO perfrun.emon_output <> - Collector process exited successfully
19567 [139849013659392] INFO perfrun.emon <> - EMON collector successfully stopped.

19568 [139849013659392] INFO perfrun.tpss <> - stop tpss controller
19569 [139849013659392] INFO perfrun.sdk <> - De-allocating TMU: /home/chuanyu/Code/rt-pktgen-dpdk/dpdk/data.0/systemcollector-239125-chuanyu-OptiPlex-7090.sc
19569 [139849013659392] INFO perfrun.system <> - closed the system trace file: /home/chuanyu/Code/rt-pktgen-dpdk/dpdk/data.0/systemcollector-239125-chuanyu-OptiPlex-7090.sc
19569 [139849023174528] INFO perfrun.launcher <> - Launcher: all plugins were stopped.
19569 [139849023174528] INFO perfrun.launcher <> - DeadlineTimer is going to be destroyed
19569 [139849023174528] INFO perfrun.launcher <> - DeadlineTimer was destroyed
19569 [139849023174528] INFO perfrun.launcher <> - DirectoryMonitor object was destroyed
19569 [139849023174528] WARN perfrun.launcher <> - Stop command is ignored because it is received when collection is already stopped, at file: vcs/perfrun1/launcher/src/command_handler.cpp:226
19571 [139849023174528] INFO perfrun.launcher <> - Application exit code: 0
19571 [139849023174528] INFO perfrun.launcher <> - Exit code: 0
