
Author: <Chuanyu> (skewcy@gmail.com)
evaluaiton_2p1q.log (c) 2023
Desc: description➜  src git:(main) ✗ sudo ./server -p 1234 -i enp1s0 -r   
[ ---- Iter-         0 ---------------------- ]
SW-RECV    TIMESTAMP 1699822100.008402099
SW-RECV    TIMESTAMP 1699822109.337368328
HW-RECV    TIMESTAMP 1699822109.345162239
SEQUENCE      NUMBER Hello2023
[ ---- Iter-         1 ---------------------- ]
SW-RECV    TIMESTAMP 1699822109.337780267
SW-RECV    TIMESTAMP 1699822110.337373288
HW-RECV    TIMESTAMP 1699822110.345155431
SEQUENCE      NUMBER Hello2023
[ ---- Iter-         2 ---------------------- ]
SW-RECV    TIMESTAMP 1699822110.337766653
SW-RECV    TIMESTAMP 1699822111.337350823
HW-RECV    TIMESTAMP 1699822111.345148607
SEQUENCE      NUMBER Hello2023
[ ---- Iter-         3 ---------------------- ]
SW-RECV    TIMESTAMP 1699822111.337777576
SW-RECV    TIMESTAMP 1699822112.337352211
HW-RECV    TIMESTAMP 1699822112.345141791
SEQUENCE      NUMBER Hello2023
[ ---- Iter-         4 ---------------------- ]
SW-RECV    TIMESTAMP 1699822112.337766853
SW-RECV    TIMESTAMP 1699822113.337332266
HW-RECV    TIMESTAMP 1699822113.345134967
SEQUENCE      NUMBER Hello2023
[ ---- Iter-         5 ---------------------- ]
SW-RECV    TIMESTAMP 1699822113.337738094
SW-RECV    TIMESTAMP 1699822114.337319730
HW-RECV    TIMESTAMP 1699822114.345128151
SEQUENCE      NUMBER Hello2023
[ ---- Iter-         6 ---------------------- ]
SW-RECV    TIMESTAMP 1699822114.337786502
SW-RECV    TIMESTAMP 1699822115.337313639
HW-RECV    TIMESTAMP 1699822115.345121319
SEQUENCE      NUMBER Hello2023
[ ---- Iter-         7 ---------------------- ]
SW-RECV    TIMESTAMP 1699822115.337716745
SW-RECV    TIMESTAMP 1699822116.337302235
HW-RECV    TIMESTAMP 1699822116.345114495
SEQUENCE      NUMBER Hello2023
[ ---- Iter-         8 ---------------------- ]
SW-RECV    TIMESTAMP 1699822116.337691415
SW-RECV    TIMESTAMP 1699822117.337293794
HW-RECV    TIMESTAMP 1699822117.345107663
SEQUENCE      NUMBER Hello2023
[ ---- Iter-         9 ---------------------- ]
SW-RECV    TIMESTAMP 1699822117.337717843
SW-RECV    TIMESTAMP 1699822118.337277909
HW-RECV    TIMESTAMP 1699822118.345100831
SEQUENCE      NUMBER Hello2023
[ ---- Iter-        10 ---------------------- ]
SW-RECV    TIMESTAMP 1699822118.337638719
SW-RECV    TIMESTAMP 1699822119.337274711
HW-RECV    TIMESTAMP 1699822119.345093999
SEQUENCE      NUMBER Hello2023
[ ---- Iter-        11 ---------------------- ]
SW-RECV    TIMESTAMP 1699822119.337677594
SW-RECV    TIMESTAMP 1699822120.337278791
HW-RECV    TIMESTAMP 1699822120.345087159
SEQUENCE      NUMBER Hello2023
[ ---- Iter-        12 ---------------------- ]
SW-RECV    TIMESTAMP 1699822120.337682545
SW-RECV    TIMESTAMP 1699822121.337256335
HW-RECV    TIMESTAMP 1699822121.345080327
SEQUENCE      NUMBER Hello2023
[ ---- Iter-        13 ---------------------- ]
SW-RECV    TIMESTAMP 1699822121.337643404
^C
➜  src git:(main) ✗ python3
Python 3.10.12 (main, Jun 11 2023, 05:26:28) [GCC 11.4.0] on linux
Type "help", "copyright", "credits" or "license" for more information.
>>> 345093999 - 345087159
6840
>>> 345087159 - 345080327
6832
>>> 345107663 - 345100831
6832
>>> 
➜  src git:(main) ✗ sudo ./server -p 1234 -i enp1s0 -r
[ ---- Iter-         0 ---------------------- ]
SW-RECV    TIMESTAMP 1699822340.159745395
SW-RECV    TIMESTAMP 1699822362.273935559
HW-RECV    TIMESTAMP 1699822362.282324031
SEQUENCE      NUMBER Hello2023
[ ---- Iter-         1 ---------------------- ]
SW-RECV    TIMESTAMP 1699822362.274362942
SW-RECV    TIMESTAMP 1699822362.273936522
HW-RECV    TIMESTAMP 1699822362.282324695
SEQUENCE      NUMBER Hello2023
[ ---- Iter-         2 ---------------------- ]
SW-RECV    TIMESTAMP 1699822362.274610698
SW-RECV    TIMESTAMP 1699822363.273919183
HW-RECV    TIMESTAMP 1699822363.282317575
SEQUENCE      NUMBER Hello2023
[ ---- Iter-         3 ---------------------- ]
SW-RECV    TIMESTAMP 1699822363.274292029
SW-RECV    TIMESTAMP 1699822363.273920034
HW-RECV    TIMESTAMP 1699822363.282318247
SEQUENCE      NUMBER Hello2023
[ ---- Iter-         4 ---------------------- ]
SW-RECV    TIMESTAMP 1699822363.274550526
SW-RECV    TIMESTAMP 1699822364.273921084
HW-RECV    TIMESTAMP 1699822364.282311127
SEQUENCE      NUMBER Hello2023
[ ---- Iter-         5 ---------------------- ]
SW-RECV    TIMESTAMP 1699822364.274286153
SW-RECV    TIMESTAMP 1699822364.273921973
HW-RECV    TIMESTAMP 1699822364.282311799
SEQUENCE      NUMBER Hello2023
[ ---- Iter-         6 ---------------------- ]
SW-RECV    TIMESTAMP 1699822364.274525835
SW-RECV    TIMESTAMP 1699822365.273910246
HW-RECV    TIMESTAMP 1699822365.282304655
SEQUENCE      NUMBER Hello2023
[ ---- Iter-         7 ---------------------- ]
SW-RECV    TIMESTAMP 1699822365.274286815
SW-RECV    TIMESTAMP 1699822365.273910949
HW-RECV    TIMESTAMP 1699822365.282305327
SEQUENCE      NUMBER Hello2023
[ ---- Iter-         8 ---------------------- ]
SW-RECV    TIMESTAMP 1699822365.274535886
^C
➜  src git:(main) ✗ pytho3n
zsh: command not found: pytho3n
➜  src git:(main) ✗ python3
Python 3.10.12 (main, Jun 11 2023, 05:26:28) [GCC 11.4.0] on linux
Type "help", "copyright", "credits" or "license" for more information.
>>> 282305327 - 282304655
672
>>> 282311799 - 282311127
672
>>> 

Created:  2023-11-12T20:54:06.145Z


